customer-service-customers-dev,customersAlias,customerId,customerId,683a08f5-a78e-480c-b47b-98c44a8fd22e
customer-service-customers-dev,customersAlias,customerId,customerId,dc5dfdee-ceea-424c-a13b-76b31e1170b9
customer-service-customers-dev,customersAlias,customerId,customerId,3f5935e0-d1a5-4a11-abc8-c6d2fa31444c
customer-service-customers-dev,customersAlias,customerId,customerId,2b35052c-df9d-4dcc-a880-3022df2462da
customer-service-customers-dev,customersAlias,customerId,customerId,a3c1a191-6cfc-4f72-9a32-849bedd0e96b
customer-service-customers-dev,customersAlias,customerId,customerId,dcae90f3-62d9-46a5-8cb2-56f07f5fcf78
customer-service-customers-dev,customersAlias,customerId,customerId,c4b8fda3-531e-49dd-9fd5-b13b2573a545
customer-service-customers-dev,customersAlias,customerId,customerId,5c6d4955-fa0b-40bb-9cb0-56dbf1df5c19
customer-service-customers-dev,customersAlias,customerId,customerId,6823433b-9ead-4c04-a894-800ac22f0764
customer-service-customers-dev,customersAlias,customerId,customerId,804a6cb1-bb60-4780-af17-7fb3ab33ed89
customer-service-customers-dev,customersAlias,customerId,customerId,4852db60-1a9e-457f-bfc8-aa94a9f7001d
customer-service-customers-dev,customersAlias,customerId,customerId,4dacefdc-c652-4cb1-a21d-27e2f7639413
customer-service-customers-dev,customersAlias,customerId,customerId,5bfdfd59-8fb6-403a-b6e0-a95446559dc1
customer-service-customers-dev,customersAlias,customerId,customerId,1e262bf0-a1a2-4c09-984c-4fa1c5055d74
customer-service-customers-dev,customersAlias,customerId,customerId,856ec177-21fb-4eea-a7f8-65c43fd174ac
customer-service-customers-dev,customersAlias,customerId,customerId,ad43b9d1-842c-4466-a973-451b3e278d0a
customer-service-customers-dev,customersAlias,customerId,customerId,1923aff8-6080-46fb-a31e-acf371626c29
customer-service-customers-dev,customersAlias,customerId,customerId,316b9c00-6f77-4985-8a63-040c014db36f
customer-service-customers-dev,customersAlias,customerId,customerId,c21b2528-640b-4186-b80f-679e8e9e1221
customer-service-customers-dev,customersAlias,customerId,customerId,8df4167f-4157-4f5e-8c59-597404b9a92b
customer-service-customers-dev,customersAlias,customerId,customerId,8b5ec2e9-be2d-41dd-b9da-ea289c733c0d
customer-service-customers-dev,customersAlias,customerId,customerId,32e9c15a-216e-4578-b092-12056378e08f
customer-service-customers-dev,customersAlias,customerId,customerId,f5826716-54c8-45f7-9e33-982329a5e8ab
customer-service-customers-dev,customersAlias,customerId,customerId,b9f023f7-9817-4b41-b3f7-4cce922c8528
customer-service-customers-dev,customersAlias,customerId,customerId,ad0e79d7-6cf9-4707-bd3e-9efce07373e9
customer-service-customers-dev,customersAlias,customerId,customerId,6f43745b-d26e-41b2-b7c1-269acfe999ec
customer-service-customers-dev,customersAlias,customerId,customerId,06002cd1-c500-4205-bad6-d0623350fde7
customer-service-customers-dev,customersAlias,customerId,customerId,bdfb8eff-d5b5-47c8-a926-32c974633617
customer-service-customers-dev,customersAlias,customerId,customerId,aeb0c6da-0f16-426d-972f-d7f2fa5b819d
customer-service-customers-dev,customersAlias,customerId,customerId,9b585bf7-ed81-46d8-afa4-d9a751d0e009
customer-service-customers-dev,customersAlias,customerId,customerId,ba55715f-12ba-415d-94b5-4ef0b9c36b8f
customer-service-customers-dev,customersAlias,customerId,customerId,ac6b5b40-abb0-4790-866a-d65bbc031419
customer-service-customers-dev,customersAlias,customerId,customerId,c7567570-7b4f-4213-964a-fd8a38b7482a
customer-service-customers-dev,customersAlias,customerId,customerId,3d069efa-f57b-4e76-9c76-1e25ce5ede17
customer-service-customers-dev,customersAlias,customerId,customerId,e410b565-f5d5-45f9-b512-c2f551f799de
customer-service-customers-dev,customersAlias,customerId,customerId,4f850271-9854-4a7b-8046-b1698dd5821b
customer-service-customers-dev,customersAlias,customerId,customerId,25850d18-1694-401d-a3c1-ce550a42eed1
customer-service-customers-dev,customersAlias,customerId,customerId,4e39121b-54f9-4768-8e56-c70f1e960f5e
customer-service-customers-dev,customersAlias,customerId,customerId,585e2ec4-624f-43cb-898d-01f16a13aa0f
customer-service-customers-dev,customersAlias,customerId,customerId,aea5eec6-e0c7-4a5f-bfdb-8b97163580e4
customer-service-customers-dev,customersAlias,customerId,customerId,e3f3ea63-60e3-4df0-b086-e34dfa9e2946
customer-service-customers-dev,customersAlias,customerId,customerId,602f1477-2d82-4896-86b2-0d13ec5e110f
customer-service-customers-dev,customersAlias,customerId,customerId,36d32e08-1ab2-49b0-9dff-0950f0d14801
customer-service-customers-dev,customersAlias,customerId,customerId,8ef774ff-2da9-4d85-8a5a-119ae493600d
customer-service-customers-dev,customersAlias,customerId,customerId,a0a9594d-6f3b-41fa-ae27-2446fef215ec
customer-service-customers-dev,customersAlias,customerId,customerId,69077421-a0d3-4f94-a319-137d82bd7671
customer-service-customers-dev,customersAlias,customerId,customerId,3229c70f-897f-4824-9e39-f8d0d5808d39
customer-service-customers-dev,customersAlias,customerId,customerId,103ded01-d9c3-48d2-80dd-6752bbfb0b01
customer-service-customers-dev,customersAlias,customerId,customerId,b35078da-5dc3-4772-9dbb-d872ca7787b3
customer-service-customers-dev,customersAlias,customerId,customerId,885b6611-15f8-4b5e-8835-e0af9bc26b4d
customer-service-customers-dev,customersAlias,customerId,customerId,2797d9bb-6ea5-4dd1-b283-2d74e9daa487
customer-service-customers-dev,customersAlias,customerId,customerId,a5e90bd7-f498-4f54-b8a3-9a83f3383174
customer-service-customers-dev,customersAlias,customerId,customerId,2b68a7da-a4ca-42d8-99b5-663a39e8cea4
customer-service-customers-dev,customersAlias,customerId,customerId,363f0993-a25e-4962-8253-cbd3ac0a075a
customer-service-customers-dev,customersAlias,customerId,customerId,39c5060c-c58f-4202-9f31-97fa4e42f8d1
customer-service-customers-dev,customersAlias,customerId,customerId,f26bcc79-fbe2-4e57-b973-ffae2361b08e
customer-service-customers-dev,customersAlias,customerId,customerId,2d1d79e7-fc26-4f07-95d0-9c56bad2fcb7
customer-service-customers-dev,customersAlias,customerId,customerId,b750d900-ca69-4607-b51c-594e24a58f8c
customer-service-customers-dev,customersAlias,customerId,customerId,b90a1835-98fe-4241-86a3-e466bf3fd2c9
customer-service-customers-dev,customersAlias,customerId,customerId,fda13081-17b3-40df-bfe6-4d659b77f56f
customer-service-customers-dev,customersAlias,customerId,customerId,1acb08c9-f0b0-47df-ba89-137177df6d32
customer-service-customers-dev,customersAlias,customerId,customerId,d4131678-1e23-4148-943b-9009adda13b0
customer-service-customers-dev,customersAlias,customerId,customerId,7f53b5c0-6b90-463d-acea-d1bb25a42ed1
customer-service-customers-dev,customersAlias,customerId,customerId,3d567fcc-d278-4d6a-93dc-466424f72c54
customer-service-customers-dev,customersAlias,customerId,customerId,f0845fd9-ee70-43e1-bf39-b45ba921f8b4
customer-service-customers-dev,customersAlias,customerId,customerId,28861a05-7cdd-4e7b-bf7e-36cb120db746
customer-service-customers-dev,customersAlias,customerId,customerId,6804b2cd-d8d5-4d5a-b8e9-fc8852d8582d
customer-service-customers-dev,customersAlias,customerId,customerId,191931fc-4d13-46bf-8a1f-efd22857e06c
customer-service-customers-dev,customersAlias,customerId,customerId,cc1ed31e-68ca-4f14-9d5f-2b7a8f58cf9d
customer-service-customers-dev,customersAlias,customerId,customerId,59bfd0d0-4686-444d-940d-7eb9d9d39a27
customer-service-customers-dev,customersAlias,customerId,customerId,e4f655a1-9fd0-41c8-a9df-8b8380fac6c6
customer-service-customers-dev,customersAlias,customerId,customerId,f9f0ba1b-e65c-4377-8d09-c6ed7082acc6
customer-service-customers-dev,customersAlias,customerId,customerId,f7b3e714-8686-4915-9db1-5bb705ba5c91
customer-service-customers-dev,customersAlias,customerId,customerId,968098bd-3178-4e33-b64d-fa22600aaf9d
customer-service-customers-dev,customersAlias,customerId,customerId,32cb2859-6db2-40a2-b1ca-db69e694c0c7
customer-service-customers-dev,customersAlias,customerId,customerId,802f2803-599e-42d4-b0c7-b253efefc394
customer-service-customers-dev,customersAlias,customerId,customerId,be17d2f0-961d-4ceb-b810-82884e4d923a
customer-service-customers-dev,customersAlias,customerId,customerId,6ccb486e-cb2a-4f4f-8214-9eab21f55b46
customer-service-customers-dev,customersAlias,customerId,customerId,7bfaf0bd-4d40-4478-a5a6-0b3668e47a4f
customer-service-customers-dev,customersAlias,customerId,customerId,de5fd091-ec58-4a56-ac8f-7cd63988e5d8
customer-service-customers-dev,customersAlias,customerId,customerId,9a801925-c4e9-4cef-b6b3-6b270891adb1
customer-service-customers-dev,customersAlias,customerId,customerId,c7903a4a-ce31-4cef-b87c-475fb6b0db03
customer-service-customers-dev,customersAlias,customerId,customerId,4597ac0e-7fd2-45b3-bfcc-bcff8a870aea
customer-service-customers-dev,customersAlias,customerId,customerId,7e42363d-a9c7-465f-8a53-074e0aecc2c9
customer-service-customers-dev,customersAlias,customerId,customerId,a3abcde4-d219-46bd-b846-378b0310aa1c
customer-service-customers-dev,customersAlias,customerId,customerId,099c6ad0-6458-426a-929e-9c0eb77b387e
customer-service-customers-dev,customersAlias,customerId,customerId,ad485f86-76a0-4afd-96ad-b32ac25fc353
customer-service-customers-dev,customersAlias,customerId,customerId,8e5763e3-2b45-41c6-bf60-e793eb0224f4
customer-service-customers-dev,customersAlias,customerId,customerId,03b096fe-c0c1-44ba-854f-0187481d7a02
customer-service-customers-dev,customersAlias,customerId,customerId,249499b5-640a-4f39-befd-ba1c1e2669c4
customer-service-customers-dev,customersAlias,customerId,customerId,2dab27a5-5787-45a8-9dfe-0e722c0b3e27
customer-service-customers-dev,customersAlias,customerId,customerId,c90f11c7-620e-4721-b549-d53ce097cc68
customer-service-customers-dev,customersAlias,customerId,customerId,39462715-b5af-469b-925f-533e7886a765
customer-service-customers-dev,customersAlias,customerId,customerId,8a54a0cd-7b79-467d-abd2-6f0829b23b06
customer-service-customers-dev,customersAlias,customerId,customerId,05aa3cbc-bf84-465b-b101-b078d42b6b4b
customer-service-customers-dev,customersAlias,customerId,customerId,cd2f921d-875f-4e5f-a1d6-61a4752a9ec7
customer-service-customers-dev,customersAlias,customerId,customerId,ffdcde22-6866-4549-96c1-88be9c771f22
customer-service-customers-dev,customersAlias,customerId,customerId,098d442d-a021-4a38-91c4-9508e8c9d8c1
customer-service-customers-dev,customersAlias,customerId,customerId,f65853d1-7f5f-4167-9fcf-50cda0e40c97
customer-service-customers-dev,customersAlias,customerId,customerId,a49d81fa-445c-4375-b745-6db3942638a4
customer-service-customers-dev,customersAlias,customerId,customerId,48e91b9a-2af5-4342-b0e4-44055549fe70
customer-service-customers-dev,customersAlias,customerId,customerId,c27f371d-4f10-4231-acd8-d50a6b0e62c9
customer-service-customers-dev,customersAlias,customerId,customerId,131bd2ed-0782-452c-bee9-94d923f10199
customer-service-customers-dev,customersAlias,customerId,customerId,aacfe1f1-1899-4639-9e72-67f574a1c2a7
customer-service-customers-dev,customersAlias,customerId,customerId,716cc469-eeb2-4385-8333-c941fe6d50eb
customer-service-customers-dev,customersAlias,customerId,customerId,a4922265-fe67-4447-8bf4-d86866e5a31b
customer-service-customers-dev,customersAlias,customerId,customerId,d7449450-56a1-40c8-beab-f996ec112e94
customer-service-customers-dev,customersAlias,customerId,customerId,db28c0b8-1c4b-44f0-8449-177344875519
customer-service-customers-dev,customersAlias,customerId,customerId,437c8760-e3e4-4177-b028-0413f00477ef
customer-service-customers-dev,customersAlias,customerId,customerId,a52e8e7b-949d-4d6e-a7e5-31cd3e7634f0
customer-service-customers-dev,customersAlias,customerId,customerId,186b3732-cceb-42b9-8d8b-c05ae3315e26
customer-service-customers-dev,customersAlias,customerId,customerId,430efc21-0935-40de-9859-89fc04b46cef
customer-service-customers-dev,customersAlias,customerId,customerId,e87e30cc-ff16-4fa1-a66f-42208f291f02
customer-service-customers-dev,customersAlias,customerId,customerId,a537dbce-3694-44da-8f39-52ceec862a3e
customer-service-customers-dev,customersAlias,customerId,customerId,7a85da57-5ed1-4e05-bd91-c2c9331731b2
customer-service-customers-dev,customersAlias,customerId,customerId,596522bf-6244-44f2-9e83-cae0a97191b5
customer-service-customers-dev,customersAlias,customerId,customerId,111085d9-49bc-45e3-a03d-f9387aa3ed9c
customer-service-customers-dev,customersAlias,customerId,customerId,cea5f497-9fa4-45b1-a700-cd1353da907b
customer-service-customers-dev,customersAlias,customerId,customerId,f98401cc-e744-4b9a-ac45-ed6e0f0bca34
customer-service-customers-dev,customersAlias,customerId,customerId,9811d500-79ac-4d44-90c0-afca420cd925
customer-service-customers-dev,customersAlias,customerId,customerId,3babe44a-9363-41c5-b8bb-9c55fe0c29c8
customer-service-customers-dev,customersAlias,customerId,customerId,70ee4d03-89e1-49b0-8474-cf622cc51a70
customer-service-customers-dev,customersAlias,customerId,customerId,f430bce1-1a14-42b7-b7ea-864bec286162
customer-service-customers-dev,customersAlias,customerId,customerId,df75ccb6-3d55-48c3-aeaf-4f1cb16b1981
customer-service-customers-dev,customersAlias,customerId,customerId,a0cb2e58-8396-4421-a707-71bbe59bab7c
customer-service-customers-dev,customersAlias,customerId,customerId,9d37cb03-f232-4452-ab5e-93fd29ce2ac9
customer-service-customers-dev,customersAlias,customerId,customerId,0535808a-4c8c-4171-8660-5d6918059ba0
customer-service-customers-dev,customersAlias,customerId,customerId,23da9d7d-b6ba-436a-ba75-04e276fe2889
customer-service-customers-dev,customersAlias,customerId,customerId,2cac6fe7-3254-42fb-82b6-bab877e5cb95
customer-service-customers-dev,customersAlias,customerId,customerId,75f5ca76-c23c-4205-845b-66d4c30e3673
customer-service-customers-dev,customersAlias,customerId,customerId,59e70ae6-c27c-4f8d-a005-116254aca86b
customer-service-customers-dev,customersAlias,customerId,customerId,df4e86f7-6329-4294-80ff-4f932c9239f1
customer-service-customers-dev,customersAlias,customerId,customerId,5f203492-3f7e-4539-9403-3563141d95f0
customer-service-customers-dev,customersAlias,customerId,customerId,c3e89185-e3ad-49fe-9626-4bfa5f0667fc
customer-service-customers-dev,customersAlias,customerId,customerId,f038b2c3-a016-4610-a4fc-931105dda6cf
customer-service-customers-dev,customersAlias,customerId,customerId,8f5f35bd-d580-4707-a163-5ecfe52f767a
customer-service-customers-dev,customersAlias,customerId,customerId,92166364-a5ac-409e-88a0-ca7999f72dd1
customer-service-customers-dev,customersAlias,customerId,customerId,e9e5a952-cb0a-4b24-9df9-96f7f6624284
customer-service-customers-dev,customersAlias,customerId,customerId,b245618c-139f-4806-98ce-0f908ae9fa98
customer-service-customers-dev,customersAlias,customerId,customerId,3aba3e10-f08d-4910-bdd0-4a2cba6a6d84
customer-service-customers-dev,customersAlias,customerId,customerId,a896c691-e883-45a3-9a06-cd334e45e4fb
customer-service-customers-dev,customersAlias,customerId,customerId,fbb3aaab-3d9a-45a8-87e9-dec498a9aa32
customer-service-customers-dev,customersAlias,customerId,customerId,a308b291-2f96-4c51-ba7e-f9ee14427161
customer-service-customers-dev,customersAlias,customerId,customerId,d550a74c-fbb4-477f-9840-653f156a19b0
customer-service-customers-dev,customersAlias,customerId,customerId,2a817ec5-9b18-49ef-ad42-146654f6ffcb
customer-service-customers-dev,customersAlias,customerId,customerId,2ba928d7-34b1-4414-85a7-1dc787bdd150
customer-service-customers-dev,customersAlias,customerId,customerId,59bf2c50-6105-4585-882f-24791c8a1eb5
customer-service-customers-dev,customersAlias,customerId,customerId,a5556258-d52c-44f2-ae6f-b107cbfe1b02
customer-service-customers-dev,customersAlias,customerId,customerId,e82381ef-f889-47f0-bbad-6fbb56b76a77
customer-service-customers-dev,customersAlias,customerId,customerId,e0e5b2eb-c625-435d-8aed-3b591630da89
customer-service-customers-dev,customersAlias,customerId,customerId,b37d49a5-b794-4f11-9462-9ab7133bcecc
customer-service-customers-dev,customersAlias,customerId,customerId,3b834ddb-1fc6-4535-942d-2e2a170f287d
customer-service-customers-dev,customersAlias,customerId,customerId,a1eb4386-3c85-4881-b3b3-855a7037ee8e
customer-service-customers-dev,customersAlias,customerId,customerId,809c9b7a-50a3-4a87-a7db-b7c6d3a65501
customer-service-customers-dev,customersAlias,customerId,customerId,de037d6b-392d-411a-95ee-9b5b161ac28d
customer-service-customers-dev,customersAlias,customerId,customerId,0562a49f-8e53-4959-80e6-836108af3a08
customer-service-customers-dev,customersAlias,customerId,customerId,dbd71ab2-4c99-43ea-9fe7-d88881bdb5bf
customer-service-customers-dev,customersAlias,customerId,customerId,50db6d2e-9d2e-4aac-8ba9-e692fd33a8c6
customer-service-customers-dev,customersAlias,customerId,customerId,8daa6b0f-2fa2-4657-a623-80c27c356f67
customer-service-customers-dev,customersAlias,customerId,customerId,183853a4-4144-4178-ba86-b1a03db11ea8
customer-service-customers-dev,customersAlias,customerId,customerId,772b3949-faeb-4f82-a79a-f4f527175a27
customer-service-customers-dev,customersAlias,customerId,customerId,4f9f2e71-0ed5-4e0d-813b-c8bb33672e1a
customer-service-customers-dev,customersAlias,customerId,customerId,9019629d-db8e-4319-960d-6a9b28716f0b
customer-service-customers-dev,customersAlias,customerId,customerId,80330407-fba2-4007-8e81-784171d07c5a
customer-service-customers-dev,customersAlias,customerId,customerId,adbaeeb0-c65e-4dac-a470-8169e20d3e56
customer-service-customers-dev,customersAlias,customerId,customerId,c6b374d1-bf01-4080-91ee-dfa7955575d7
customer-service-customers-dev,customersAlias,customerId,customerId,24481cf8-967c-4be6-b0b0-36d08c037587
customer-service-customers-dev,customersAlias,customerId,customerId,0650c741-11bb-4c39-abd7-1acb8046a3fe
customer-service-customers-dev,customersAlias,customerId,customerId,931e59bf-8fc5-47bc-8a3c-e8ae0b77e124
customer-service-customers-dev,customersAlias,customerId,customerId,fbe29c45-0915-4a37-be9a-9952268d8240
customer-service-customers-dev,customersAlias,customerId,customerId,c67d69a1-fbc7-4ad3-8441-5f78bce54ea4
customer-service-customers-dev,customersAlias,customerId,customerId,44bf43fc-3758-4ba5-8016-355edae4be87
customer-service-customers-dev,customersAlias,customerId,customerId,29be6fa5-f3bd-43c3-b502-b389cd8b61a1
customer-service-customers-dev,customersAlias,customerId,customerId,c4f0134c-9c6d-4c59-acb1-0ff5ff9518d7
customer-service-customers-dev,customersAlias,customerId,customerId,a5a8b848-67f4-4673-865d-3e8f9425e5d9
customer-service-customers-dev,customersAlias,customerId,customerId,e31e2db2-de72-4016-bc8c-51b209cb52be
customer-service-customers-dev,customersAlias,customerId,customerId,84fe8e8f-8876-4a01-9f98-1ce4214d5184
customer-service-customers-dev,customersAlias,customerId,customerId,cea3a244-9b50-4570-acab-631192ac44d8
customer-service-customers-dev,customersAlias,customerId,customerId,6c2919ff-9ae2-41a8-a0c7-8a20da3fe687
customer-service-customers-dev,customersAlias,customerId,customerId,f6d05061-5ebd-4761-9288-f9445159fa2e
customer-service-customers-dev,customersAlias,customerId,customerId,2525efe8-106a-464b-91ef-8908d7e2ee36
customer-service-customers-dev,customersAlias,customerId,customerId,d4df1526-16d7-49b4-94a3-8a7c578cf5ac
customer-service-customers-dev,customersAlias,customerId,customerId,da901c2e-4329-4410-b5d6-4ee5349917f6
customer-service-customers-dev,customersAlias,customerId,customerId,5e8c95e6-cae4-4b2c-a54c-62198ffe6db6
customer-service-customers-dev,customersAlias,customerId,customerId,26b30e21-533b-4cac-bc22-1214b2bb4b96
customer-service-customers-dev,customersAlias,customerId,customerId,505da293-7660-4ee7-a9d9-e7306a5b0c52
customer-service-customers-dev,customersAlias,customerId,customerId,f8b7fe69-6f15-4bbf-9759-b383c949297e
customer-service-customers-dev,customersAlias,customerId,customerId,bb217485-522e-4c8e-a007-3bd541c520bf
customer-service-customers-dev,customersAlias,customerId,customerId,a78aaeaa-5e34-4e3d-b5e3-93f196c8ed19
customer-service-customers-dev,customersAlias,customerId,customerId,f7963fc7-5267-45b2-aa50-a7d20050755a
customer-service-customers-dev,customersAlias,customerId,customerId,e884c2f8-638a-40fe-a674-9b7c1e63b42f
customer-service-customers-dev,customersAlias,customerId,customerId,4f26ee78-0a16-4030-8342-dbed755359b4
customer-service-customers-dev,customersAlias,customerId,customerId,f06ff4f7-1b69-41a8-b152-83c0e342b87d
customer-service-customers-dev,customersAlias,customerId,customerId,9456a13a-bc86-4835-9263-fafc817addc7
customer-service-customers-dev,customersAlias,customerId,customerId,39335c1d-e88b-4b18-ba5f-f0d9dbb8f634
customer-service-customers-dev,customersAlias,customerId,customerId,2f9b9589-f4ca-4be1-9388-e229b7e7352d
customer-service-customers-dev,customersAlias,customerId,customerId,333cb046-b4d2-4b5b-9ba4-024647716591
customer-service-customers-dev,customersAlias,customerId,customerId,1400dd4d-3a4f-4748-a9c4-1b8a40706ac6
customer-service-customers-dev,customersAlias,customerId,customerId,74d7e43d-fe98-4b15-8125-eec69c27eaa9
customer-service-customers-dev,customersAlias,customerId,customerId,4d7bd673-95ba-4d69-8395-87d84bd0567c
customer-service-customers-dev,customersAlias,customerId,customerId,9318ebb4-d73e-4ccc-a5c4-f022c40bd143
customer-service-customers-dev,customersAlias,customerId,customerId,3f2b5cfa-787d-4381-838e-99b5b9bfc9b0
customer-service-customers-dev,customersAlias,customerId,customerId,e2f5afc7-842f-4e94-b8fa-8edcdb85a50c
