Keeping latest version 683a08f5-a78e-480c-b47b-98c44a8fd22e 2022-11-02T15:49:06.513Z
Keeping latest version dc5dfdee-ceea-424c-a13b-76b31e1170b9 2022-11-02T20:53:32.778Z
Keeping latest version 3f5935e0-d1a5-4a11-abc8-c6d2fa31444c 2022-12-02T12:08:42.510Z
Keeping latest version 2b35052c-df9d-4dcc-a880-3022df2462da 2022-11-02T08:36:17.735Z
Keeping latest version a3c1a191-6cfc-4f72-9a32-849bedd0e96b 2022-11-02T16:27:25.197Z
Keeping latest version dcae90f3-62d9-46a5-8cb2-56f07f5fcf78 2022-09-08T19:26:21.237Z
Keeping latest version c4b8fda3-531e-49dd-9fd5-b13b2573a545 2022-11-02T09:06:24.361Z
Keeping latest version 5c6d4955-fa0b-40bb-9cb0-56dbf1df5c19 2022-11-02T01:46:58.324Z
Keeping latest version 6823433b-9ead-4c04-a894-800ac22f0764 2023-01-20T12:02:44.655Z
Keeping latest version 804a6cb1-bb60-4780-af17-7fb3ab33ed89 2022-11-02T16:40:12.622Z
Keeping latest version 4852db60-1a9e-457f-bfc8-aa94a9f7001d 2022-11-03T01:03:37.437Z
Keeping latest version 4dacefdc-c652-4cb1-a21d-27e2f7639413 2022-11-02T15:14:58.979Z
Keeping latest version 5bfdfd59-8fb6-403a-b6e0-a95446559dc1 2022-11-02T19:57:54.738Z
Keeping latest version 1e262bf0-a1a2-4c09-984c-4fa1c5055d74 2022-11-02T08:16:11.001Z
Keeping latest version 856ec177-21fb-4eea-a7f8-65c43fd174ac 2022-11-03T01:44:58.805Z
Keeping latest version ad43b9d1-842c-4466-a973-451b3e278d0a 2022-11-02T05:47:53.141Z
Keeping latest version 1923aff8-6080-46fb-a31e-acf371626c29 2022-11-02T17:05:00.901Z
Keeping latest version 316b9c00-6f77-4985-8a63-040c014db36f 2022-11-03T04:08:58.501Z
Keeping latest version c21b2528-640b-4186-b80f-679e8e9e1221 2022-11-22T12:04:53.691Z
Keeping latest version 8df4167f-4157-4f5e-8c59-597404b9a92b 2022-11-02T13:29:59.623Z
Keeping latest version 8b5ec2e9-be2d-41dd-b9da-ea289c733c0d 2022-11-02T04:08:26.289Z
Keeping latest version 32e9c15a-216e-4578-b092-12056378e08f 2022-11-02T23:59:46.258Z
Keeping latest version f5826716-54c8-45f7-9e33-982329a5e8ab 2022-11-02T14:15:30.936Z
Keeping latest version b9f023f7-9817-4b41-b3f7-4cce922c8528 2022-11-03T02:53:06.687Z
Keeping latest version ad0e79d7-6cf9-4707-bd3e-9efce07373e9 2022-11-02T15:23:58.387Z
Keeping latest version 6f43745b-d26e-41b2-b7c1-269acfe999ec 2022-11-02T21:57:54.390Z
Keeping latest version 06002cd1-c500-4205-bad6-d0623350fde7 2022-11-02T12:48:27.718Z
Keeping latest version bdfb8eff-d5b5-47c8-a926-32c974633617 2022-11-03T01:54:43.091Z
Keeping latest version aeb0c6da-0f16-426d-972f-d7f2fa5b819d 2022-11-03T01:36:58.043Z
Keeping latest version 9b585bf7-ed81-46d8-afa4-d9a751d0e009 2022-11-02T16:03:14.876Z
Keeping latest version ba55715f-12ba-415d-94b5-4ef0b9c36b8f 2023-01-06T02:25:39.748Z
Keeping latest version ac6b5b40-abb0-4790-866a-d65bbc031419 2022-11-01T23:46:58.155Z
Keeping latest version c7567570-7b4f-4213-964a-fd8a38b7482a 2022-11-02T08:30:30.705Z
Keeping latest version 3d069efa-f57b-4e76-9c76-1e25ce5ede17 2022-11-03T04:10:01.201Z
Keeping latest version e410b565-f5d5-45f9-b512-c2f551f799de 2022-11-02T19:13:27.039Z
Keeping latest version 4f850271-9854-4a7b-8046-b1698dd5821b 2022-11-02T12:11:28.795Z
Keeping latest version 25850d18-1694-401d-a3c1-ce550a42eed1 2022-11-02T05:27:41.668Z
Keeping latest version 4e39121b-54f9-4768-8e56-c70f1e960f5e 2022-11-03T03:23:50.766Z
Keeping latest version 585e2ec4-624f-43cb-898d-01f16a13aa0f 2022-11-03T01:23:08.269Z
Keeping latest version aea5eec6-e0c7-4a5f-bfdb-8b97163580e4 2022-11-03T01:24:18.460Z
Keeping latest version e3f3ea63-60e3-4df0-b086-e34dfa9e2946 2022-11-03T01:45:57.567Z
Keeping latest version 602f1477-2d82-4896-86b2-0d13ec5e110f 2022-11-01T21:58:48.294Z
Keeping latest version 36d32e08-1ab2-49b0-9dff-0950f0d14801 2022-11-02T15:27:49.814Z
Keeping latest version 8ef774ff-2da9-4d85-8a5a-119ae493600d 2022-11-03T00:26:35.036Z
Keeping latest version a0a9594d-6f3b-41fa-ae27-2446fef215ec 2022-11-03T04:29:24.984Z
Keeping latest version 69077421-a0d3-4f94-a319-137d82bd7671 2022-11-02T01:35:42.485Z
Keeping latest version 3229c70f-897f-4824-9e39-f8d0d5808d39 2022-11-02T07:31:21.733Z
Keeping latest version 103ded01-d9c3-48d2-80dd-6752bbfb0b01 2022-11-03T05:55:02.161Z
Keeping latest version b35078da-5dc3-4772-9dbb-d872ca7787b3 2022-11-02T16:53:17.926Z
Keeping latest version 885b6611-15f8-4b5e-8835-e0af9bc26b4d 2022-11-01T20:20:58.965Z
Keeping latest version 2797d9bb-6ea5-4dd1-b283-2d74e9daa487 2022-11-02T20:17:52.197Z
Keeping latest version a5e90bd7-f498-4f54-b8a3-9a83f3383174 2022-11-03T04:54:17.015Z
Keeping latest version 2b68a7da-a4ca-42d8-99b5-663a39e8cea4 2022-11-02T20:47:29.730Z
Keeping latest version 363f0993-a25e-4962-8253-cbd3ac0a075a 2022-11-03T03:27:42.055Z
Keeping latest version 39c5060c-c58f-4202-9f31-97fa4e42f8d1 2022-11-02T11:02:02.691Z
Keeping latest version f26bcc79-fbe2-4e57-b973-ffae2361b08e 2022-11-02T20:32:17.179Z
Keeping latest version 2d1d79e7-fc26-4f07-95d0-9c56bad2fcb7 2022-11-03T01:28:56.219Z
Keeping latest version b750d900-ca69-4607-b51c-594e24a58f8c 2022-11-02T14:46:29.129Z
Keeping latest version b90a1835-98fe-4241-86a3-e466bf3fd2c9 2022-11-02T16:04:33.163Z
Keeping latest version fda13081-17b3-40df-bfe6-4d659b77f56f 2022-11-01T21:25:52.520Z
Keeping latest version 1acb08c9-f0b0-47df-ba89-137177df6d32 2022-11-02T03:36:48.295Z
Keeping latest version d4131678-1e23-4148-943b-9009adda13b0 2022-11-02T08:44:38.467Z
Keeping latest version 7f53b5c0-6b90-463d-acea-d1bb25a42ed1 2022-11-02T22:23:16.157Z
Keeping latest version 3d567fcc-d278-4d6a-93dc-466424f72c54 2022-11-02T22:38:27.369Z
Keeping latest version f0845fd9-ee70-43e1-bf39-b45ba921f8b4 2022-11-03T01:48:11.256Z
Keeping latest version 28861a05-7cdd-4e7b-bf7e-36cb120db746 2022-11-02T08:18:14.701Z
Keeping latest version 6804b2cd-d8d5-4d5a-b8e9-fc8852d8582d 2022-11-02T21:03:21.606Z
Keeping latest version 191931fc-4d13-46bf-8a1f-efd22857e06c 2022-11-02T00:02:59.570Z
Keeping latest version cc1ed31e-68ca-4f14-9d5f-2b7a8f58cf9d 2022-11-02T18:55:10.635Z
Keeping latest version 59bfd0d0-4686-444d-940d-7eb9d9d39a27 2022-11-02T16:57:05.881Z
Keeping latest version e4f655a1-9fd0-41c8-a9df-8b8380fac6c6 2022-09-08T19:40:08.298Z
Keeping latest version f9f0ba1b-e65c-4377-8d09-c6ed7082acc6 2022-11-02T00:07:17.582Z
Keeping latest version f7b3e714-8686-4915-9db1-5bb705ba5c91 2022-11-02T21:58:22.080Z
Keeping latest version 968098bd-3178-4e33-b64d-fa22600aaf9d 2022-09-08T18:04:40.068Z
Keeping latest version 32cb2859-6db2-40a2-b1ca-db69e694c0c7 2022-11-02T06:13:05.656Z
Keeping latest version 802f2803-599e-42d4-b0c7-b253efefc394 2022-11-02T05:45:12.592Z
Keeping latest version be17d2f0-961d-4ceb-b810-82884e4d923a 2022-09-08T19:30:41.383Z
Keeping latest version 6ccb486e-cb2a-4f4f-8214-9eab21f55b46 2022-11-01T21:15:05.181Z
Keeping latest version 7bfaf0bd-4d40-4478-a5a6-0b3668e47a4f 2022-11-03T00:29:49.655Z
Keeping latest version de5fd091-ec58-4a56-ac8f-7cd63988e5d8 2022-11-03T06:42:59.013Z
Keeping latest version 9a801925-c4e9-4cef-b6b3-6b270891adb1 2022-11-02T07:29:52.767Z
Keeping latest version c7903a4a-ce31-4cef-b87c-475fb6b0db03 2022-10-07T04:23:16.752Z
Keeping latest version 4597ac0e-7fd2-45b3-bfcc-bcff8a870aea 2022-11-01T22:07:59.542Z
Keeping latest version 7e42363d-a9c7-465f-8a53-074e0aecc2c9 2022-11-03T01:30:59.918Z
Keeping latest version a3abcde4-d219-46bd-b846-378b0310aa1c 2022-11-02T22:36:45.520Z
Keeping latest version 099c6ad0-6458-426a-929e-9c0eb77b387e 2022-11-03T05:07:33.469Z
Keeping latest version ad485f86-76a0-4afd-96ad-b32ac25fc353 2022-11-02T02:15:25.839Z
Keeping latest version 8e5763e3-2b45-41c6-bf60-e793eb0224f4 2022-11-02T02:28:30.432Z
Keeping latest version 03b096fe-c0c1-44ba-854f-0187481d7a02 2022-11-03T04:02:57.523Z
Keeping latest version 249499b5-640a-4f39-befd-ba1c1e2669c4 2022-11-02T13:41:54.416Z
Keeping latest version 2dab27a5-5787-45a8-9dfe-0e722c0b3e27 2022-11-02T22:35:37.835Z
Keeping latest version c90f11c7-620e-4721-b549-d53ce097cc68 2022-11-01T22:52:45.172Z
Keeping latest version 39462715-b5af-469b-925f-533e7886a765 2022-11-02T01:33:53.570Z
Keeping latest version 8a54a0cd-7b79-467d-abd2-6f0829b23b06 2023-01-19T12:02:28.577Z
Keeping latest version 05aa3cbc-bf84-465b-b101-b078d42b6b4b 2022-11-03T00:40:42.534Z
Keeping latest version cd2f921d-875f-4e5f-a1d6-61a4752a9ec7 2022-11-02T08:47:33.099Z
Keeping latest version ffdcde22-6866-4549-96c1-88be9c771f22 2022-11-02T17:52:53.807Z
Keeping latest version 098d442d-a021-4a38-91c4-9508e8c9d8c1 2022-11-22T03:00:42.393Z
Keeping latest version f65853d1-7f5f-4167-9fcf-50cda0e40c97 2022-11-03T05:14:42.193Z
Keeping latest version a49d81fa-445c-4375-b745-6db3942638a4 2022-11-02T13:35:13.668Z
Keeping latest version 48e91b9a-2af5-4342-b0e4-44055549fe70 2022-11-03T07:27:06.523Z
Keeping latest version c27f371d-4f10-4231-acd8-d50a6b0e62c9 2022-11-02T06:52:11.432Z
Keeping latest version 131bd2ed-0782-452c-bee9-94d923f10199 2023-01-04T12:03:27.968Z
Keeping latest version aacfe1f1-1899-4639-9e72-67f574a1c2a7 2022-11-03T07:03:56.525Z
Keeping latest version 716cc469-eeb2-4385-8333-c941fe6d50eb 2022-11-02T19:54:22.972Z
Keeping latest version a4922265-fe67-4447-8bf4-d86866e5a31b 2022-11-03T03:22:14.977Z
Keeping latest version d7449450-56a1-40c8-beab-f996ec112e94 2022-11-22T22:40:24.801Z
Keeping latest version db28c0b8-1c4b-44f0-8449-177344875519 2022-11-02T02:44:43.203Z
Keeping latest version 437c8760-e3e4-4177-b028-0413f00477ef 2022-11-02T14:38:39.979Z
Keeping latest version a52e8e7b-949d-4d6e-a7e5-31cd3e7634f0 2022-11-03T04:32:40.853Z
Keeping latest version 186b3732-cceb-42b9-8d8b-c05ae3315e26 2022-11-02T13:52:31.855Z
Keeping latest version 430efc21-0935-40de-9859-89fc04b46cef 2022-11-02T17:31:22.788Z
Keeping latest version e87e30cc-ff16-4fa1-a66f-42208f291f02 2022-11-03T00:46:49.927Z
Keeping latest version a537dbce-3694-44da-8f39-52ceec862a3e 2022-11-02T13:01:18.056Z
Keeping latest version 7a85da57-5ed1-4e05-bd91-c2c9331731b2 2022-11-02T23:47:47.465Z
Keeping latest version 596522bf-6244-44f2-9e83-cae0a97191b5 2022-11-03T03:26:31.538Z
Keeping latest version 111085d9-49bc-45e3-a03d-f9387aa3ed9c 2022-11-02T07:44:41.387Z
Keeping latest version cea5f497-9fa4-45b1-a700-cd1353da907b 2022-11-02T12:55:02.192Z
Keeping latest version f98401cc-e744-4b9a-ac45-ed6e0f0bca34 2022-11-02T07:15:58.482Z
Keeping latest version 9811d500-79ac-4d44-90c0-afca420cd925 2022-11-01T22:28:50.678Z
Keeping latest version 3babe44a-9363-41c5-b8bb-9c55fe0c29c8 2022-11-02T12:33:14.300Z
Keeping latest version 70ee4d03-89e1-49b0-8474-cf622cc51a70 2022-11-02T13:15:49.547Z
Keeping latest version f430bce1-1a14-42b7-b7ea-864bec286162 2022-11-01T23:17:25.367Z
Keeping latest version df75ccb6-3d55-48c3-aeaf-4f1cb16b1981 2022-09-08T19:29:16.275Z
Keeping latest version a0cb2e58-8396-4421-a707-71bbe59bab7c 2022-11-02T02:39:58.722Z
Keeping latest version 9d37cb03-f232-4452-ab5e-93fd29ce2ac9 2022-11-02T08:26:32.374Z
Keeping latest version 0535808a-4c8c-4171-8660-5d6918059ba0 2022-11-02T04:00:13.731Z
Keeping latest version 23da9d7d-b6ba-436a-ba75-04e276fe2889 2022-11-02T11:54:49.373Z
Keeping latest version 2cac6fe7-3254-42fb-82b6-bab877e5cb95 2023-01-04T18:33:10.651Z
Keeping latest version 75f5ca76-c23c-4205-845b-66d4c30e3673 2022-11-02T17:17:00.503Z
Keeping latest version 59e70ae6-c27c-4f8d-a005-116254aca86b 2022-11-02T01:27:46.026Z
Keeping latest version df4e86f7-6329-4294-80ff-4f932c9239f1 2022-11-02T00:11:53.915Z
Keeping latest version 5f203492-3f7e-4539-9403-3563141d95f0 2022-11-03T06:19:56.774Z
Keeping latest version c3e89185-e3ad-49fe-9626-4bfa5f0667fc 2022-11-01T21:56:42.572Z
Keeping latest version f038b2c3-a016-4610-a4fc-931105dda6cf 2022-11-01T22:40:21.246Z
Keeping latest version 8f5f35bd-d580-4707-a163-5ecfe52f767a 2022-11-02T15:40:47.717Z
Keeping latest version 92166364-a5ac-409e-88a0-ca7999f72dd1 2022-09-08T19:35:32.509Z
Keeping latest version e9e5a952-cb0a-4b24-9df9-96f7f6624284 2022-11-02T08:10:07.726Z
Keeping latest version b245618c-139f-4806-98ce-0f908ae9fa98 2022-11-02T22:21:04.868Z
Keeping latest version 3aba3e10-f08d-4910-bdd0-4a2cba6a6d84 2022-11-03T04:04:37.864Z
Keeping latest version a896c691-e883-45a3-9a06-cd334e45e4fb 2022-11-01T23:54:03.473Z
Keeping latest version fbb3aaab-3d9a-45a8-87e9-dec498a9aa32 2022-11-02T12:21:28.426Z
Keeping latest version a308b291-2f96-4c51-ba7e-f9ee14427161 2022-11-02T17:30:31.374Z
Keeping latest version d550a74c-fbb4-477f-9840-653f156a19b0 2023-01-10T22:18:52.961Z
Keeping latest version 2a817ec5-9b18-49ef-ad42-146654f6ffcb 2022-11-02T20:22:03.350Z
Keeping latest version 2ba928d7-34b1-4414-85a7-1dc787bdd150 2022-11-02T09:29:30.187Z
Keeping latest version 59bf2c50-6105-4585-882f-24791c8a1eb5 2022-11-03T05:07:49.317Z
Keeping latest version a5556258-d52c-44f2-ae6f-b107cbfe1b02 2022-11-03T04:50:08.019Z
Keeping latest version e82381ef-f889-47f0-bbad-6fbb56b76a77 2022-11-02T05:31:54.614Z
Keeping latest version e0e5b2eb-c625-435d-8aed-3b591630da89 2022-11-02T19:19:02.073Z
Keeping latest version b37d49a5-b794-4f11-9462-9ab7133bcecc 2022-11-02T01:45:28.170Z
Keeping latest version 3b834ddb-1fc6-4535-942d-2e2a170f287d 2022-11-02T00:20:57.939Z
Keeping latest version a1eb4386-3c85-4881-b3b3-855a7037ee8e 2022-11-02T22:13:52.575Z
Keeping latest version 809c9b7a-50a3-4a87-a7db-b7c6d3a65501 2022-11-02T01:39:54.542Z
Keeping latest version de037d6b-392d-411a-95ee-9b5b161ac28d 2022-10-07T06:34:33.653Z
Keeping latest version 0562a49f-8e53-4959-80e6-836108af3a08 2022-11-02T13:18:16.375Z
Keeping latest version dbd71ab2-4c99-43ea-9fe7-d88881bdb5bf 2022-11-02T20:51:52.275Z
Keeping latest version 50db6d2e-9d2e-4aac-8ba9-e692fd33a8c6 2022-11-02T14:53:57.862Z
Keeping latest version 8daa6b0f-2fa2-4657-a623-80c27c356f67 2022-11-02T16:53:55.624Z
Keeping latest version 183853a4-4144-4178-ba86-b1a03db11ea8 2022-11-02T15:16:31.200Z
Keeping latest version 772b3949-faeb-4f82-a79a-f4f527175a27 2022-11-02T20:55:11.658Z
Keeping latest version 4f9f2e71-0ed5-4e0d-813b-c8bb33672e1a 2023-01-24T13:33:05.533Z
Keeping latest version 9019629d-db8e-4319-960d-6a9b28716f0b 2022-11-02T11:05:13.351Z
Keeping latest version 80330407-fba2-4007-8e81-784171d07c5a 2022-11-02T05:23:52.413Z
Keeping latest version adbaeeb0-c65e-4dac-a470-8169e20d3e56 2022-11-02T19:51:03.247Z
Keeping latest version c6b374d1-bf01-4080-91ee-dfa7955575d7 2022-11-02T03:47:21.660Z
Keeping latest version 24481cf8-967c-4be6-b0b0-36d08c037587 2022-11-02T08:19:24.291Z
Keeping latest version 0650c741-11bb-4c39-abd7-1acb8046a3fe 2022-11-01T23:27:33.420Z
Keeping latest version 931e59bf-8fc5-47bc-8a3c-e8ae0b77e124 2022-11-02T15:02:25.803Z
Keeping latest version fbe29c45-0915-4a37-be9a-9952268d8240 2022-11-02T23:02:42.445Z
Keeping latest version c67d69a1-fbc7-4ad3-8441-5f78bce54ea4 2023-01-07T12:05:19.913Z
Keeping latest version 44bf43fc-3758-4ba5-8016-355edae4be87 2022-11-02T18:30:44.316Z
Keeping latest version 29be6fa5-f3bd-43c3-b502-b389cd8b61a1 2022-11-02T11:07:09.431Z
Keeping latest version c4f0134c-9c6d-4c59-acb1-0ff5ff9518d7 2022-11-02T21:11:33.017Z
Keeping latest version a5a8b848-67f4-4673-865d-3e8f9425e5d9 2022-11-02T11:03:23.572Z
Keeping latest version e31e2db2-de72-4016-bc8c-51b209cb52be 2022-11-02T00:40:27.483Z
Keeping latest version 84fe8e8f-8876-4a01-9f98-1ce4214d5184 2022-11-01T22:13:58.355Z
Keeping latest version cea3a244-9b50-4570-acab-631192ac44d8 2022-11-03T02:58:00.910Z
Keeping latest version 6c2919ff-9ae2-41a8-a0c7-8a20da3fe687 2022-11-02T08:34:40.423Z
Keeping latest version f6d05061-5ebd-4761-9288-f9445159fa2e 2023-01-26T12:02:16.290Z
Keeping latest version 2525efe8-106a-464b-91ef-8908d7e2ee36 2022-11-02T02:11:12.934Z
Keeping latest version d4df1526-16d7-49b4-94a3-8a7c578cf5ac 2022-11-03T07:11:01.635Z
Keeping latest version da901c2e-4329-4410-b5d6-4ee5349917f6 2022-11-01T20:21:34.460Z
Keeping latest version 5e8c95e6-cae4-4b2c-a54c-62198ffe6db6 2022-09-08T19:38:18.777Z
Keeping latest version 26b30e21-533b-4cac-bc22-1214b2bb4b96 2022-11-03T00:44:37.607Z
Keeping latest version 505da293-7660-4ee7-a9d9-e7306a5b0c52 2022-11-02T14:57:56.346Z
Keeping latest version f8b7fe69-6f15-4bbf-9759-b383c949297e 2022-11-02T16:45:53.181Z
Keeping latest version bb217485-522e-4c8e-a007-3bd541c520bf 2022-11-01T22:40:34.508Z
Keeping latest version a78aaeaa-5e34-4e3d-b5e3-93f196c8ed19 2022-11-03T04:56:25.574Z
Keeping latest version f7963fc7-5267-45b2-aa50-a7d20050755a 2022-11-02T03:45:52.221Z
Keeping latest version e884c2f8-638a-40fe-a674-9b7c1e63b42f 2022-08-21T03:58:12.455Z
Keeping latest version 4f26ee78-0a16-4030-8342-dbed755359b4 2022-11-03T02:18:55.250Z
Keeping latest version f06ff4f7-1b69-41a8-b152-83c0e342b87d 2022-11-02T11:08:50.597Z
Keeping latest version 9456a13a-bc86-4835-9263-fafc817addc7 2022-11-03T01:31:09.610Z
Keeping latest version 39335c1d-e88b-4b18-ba5f-f0d9dbb8f634 2022-11-03T04:54:42.325Z
Keeping latest version 2f9b9589-f4ca-4be1-9388-e229b7e7352d 2022-11-02T14:44:01.832Z
Keeping latest version 333cb046-b4d2-4b5b-9ba4-024647716591 2022-11-02T16:29:17.966Z
Keeping latest version 1400dd4d-3a4f-4748-a9c4-1b8a40706ac6 2022-11-02T13:46:43.943Z
Keeping latest version 74d7e43d-fe98-4b15-8125-eec69c27eaa9 2023-01-19T12:01:17.282Z
Keeping latest version 4d7bd673-95ba-4d69-8395-87d84bd0567c 2022-11-03T03:02:43.748Z
Keeping latest version 9318ebb4-d73e-4ccc-a5c4-f022c40bd143 2022-11-03T01:36:03.806Z
Keeping latest version 3f2b5cfa-787d-4381-838e-99b5b9bfc9b0 2022-11-02T11:22:50.271Z
Keeping latest version e2f5afc7-842f-4e94-b8fa-8edcdb85a50c 2022-11-01T17:29:22.706Z
Keeping latest version 4600f2f6-167e-45ae-a09f-f5595db52615 2022-11-01T22:28:02.717Z
Keeping latest version 58f483a0-328c-4df9-9010-b06b07227c8f 2022-11-02T18:20:59.811Z
Keeping latest version d3d37330-e46c-4bb5-b643-803966e95588 2022-11-01T15:35:37.729Z
Keeping latest version 6a6d63ad-8f64-4ea9-b72b-25b88be9fc5c 2022-11-01T21:56:30.644Z
Keeping latest version 49bdf43d-2b8c-440c-9111-44b75d7f565f 2023-01-10T22:19:40.042Z
Keeping latest version ad32b151-ffc7-4a7e-bba1-32e9b1065855 2022-11-02T02:21:55.526Z
Keeping latest version b1b7fa4e-2da5-4791-b5ff-a897515f465f 2022-11-02T14:04:29.173Z
Keeping latest version e44148bf-58b0-4703-9dc1-99f9c80f5cc5 2022-08-22T14:11:28.138Z
Keeping latest version 36f8e0d3-fdd5-48a6-b364-594b764b0c36 2022-11-01T20:47:38.799Z
Keeping latest version f0401183-687f-48c9-aa24-f018a1dec5ca 2022-11-02T16:44:13.341Z
Keeping latest version 93aba277-66b7-4ac8-b90d-2ca5b5121d8a 2022-11-02T12:32:52.531Z
Keeping latest version a5d3b949-9400-4b3b-8ad3-f3238e72f2e8 2022-11-01T23:36:34.686Z
Keeping latest version 486a4f83-b990-41ad-b7b5-5f00adf160ab 2022-11-02T16:19:19.539Z
Keeping latest version eb1a88a1-5c21-4f3d-b8ff-ff4dfa3d724f 2022-09-08T18:05:02.433Z
Keeping latest version 97fb6314-662c-4b06-a2f8-225dd40976ef 2022-11-02T00:59:42.716Z
Keeping latest version 3bfe199e-02c1-4549-94e6-a979bb5281c0 2022-11-01T17:11:57.362Z
Keeping latest version 35b53322-9250-4558-b41e-1d5243e60f19 2022-11-02T20:10:27.928Z
Keeping latest version 601e77f8-a760-4134-98c9-2accdcbb74c3 2022-11-02T19:02:35.799Z
Keeping latest version 2acbee9a-33a2-4033-a61f-04fcb93c638e 2022-11-02T15:54:11.379Z
Keeping latest version f2d5de26-9348-462e-a796-b3939ed4f389 2022-11-02T22:50:24.033Z
Keeping latest version 8d051df7-3505-437a-9d41-d4545c35235e 2022-11-02T15:03:36.008Z
Keeping latest version 171c4ea4-d691-4464-bf5b-0ef05f696573 2022-11-01T22:43:10.659Z
Keeping latest version cee02711-ebd7-4ee9-8644-2d3adcdbba86 2022-11-02T08:37:19.084Z
Keeping latest version 1229f9ba-fa9c-4d3c-a537-7b59e9ada4cc 2022-11-02T04:21:47.154Z
Keeping latest version 47e7280a-9d68-4c7c-b9db-04aa94d1cd32 2022-11-10T19:00:30.284Z
Keeping latest version b9f83858-e22c-4214-8ba4-e809091103f3 2022-11-02T22:08:30.213Z
Keeping latest version 53c3ad80-9c13-4381-bf1c-00d7dfb5729e 2022-11-02T20:28:27.763Z
Keeping latest version 5b721e18-1693-487b-8b1d-b4678742a588 2022-11-01T19:07:38.457Z
Keeping latest version 33843a3f-a843-4e77-b77b-e59e8cf1ccea 2022-11-01T17:10:32.543Z
Keeping latest version beea08cf-7639-4025-af66-465ab0501881 2022-11-03T04:44:45.944Z
Keeping latest version f80508d5-9f29-4286-a750-cefb7e632b1c 2022-11-01T17:38:36.136Z
Keeping latest version 42a6ed31-8087-4f7d-9169-dd62e12b4f83 2022-11-02T19:04:28.479Z
Keeping latest version 89c0443b-4516-4754-a960-78572a8928ff 2022-11-02T10:32:44.064Z
Keeping latest version 3c0e305b-61a5-4df9-9288-2bd46397176a 2022-11-03T12:02:32.367Z
Keeping latest version ee82d25e-91d8-4c8d-8f37-be23ede539e6 2022-11-02T09:01:22.334Z
Keeping latest version ca85ba67-16f1-4c25-a8b2-4ee9cbc7932c 2022-11-02T13:31:55.884Z
Keeping latest version 9d75e27f-49d6-435b-93d8-592155c00c0c 2022-11-01T22:37:16.202Z
Keeping latest version f34a8e67-5a67-4b23-9d74-caee8def675a 2022-11-03T04:17:59.289Z
Keeping latest version 20845bc8-cb96-42cd-8324-3e680837b116 2022-11-02T18:57:29.822Z
Keeping latest version 51e23539-99e8-4216-bc21-20795ee6d6c1 2022-11-02T07:28:21.513Z
Keeping latest version 7d6681c1-e3af-48d2-9a30-911138ccbfb8 2022-11-01T18:14:57.132Z
Keeping latest version 57a1a327-e279-4c7a-9ff9-be096fa46781 2022-11-02T19:39:21.062Z
Keeping latest version 48bb5f79-264a-4bd5-96d4-962ed753311e 2022-11-03T02:17:44.252Z
Keeping latest version 76834755-d334-46ce-8924-0a88652764e0 2022-11-01T14:16:45.468Z
Keeping latest version 210088bd-2aff-4965-b2a8-0b899fafb220 2022-11-03T02:17:13.533Z
Keeping latest version e82a8abf-8b47-4e14-a597-1e1a73e98495 2022-11-02T01:17:29.363Z
Keeping latest version fb09e17a-90f0-470a-8be0-927cf6a2fac3 2022-11-02T13:53:13.955Z
Keeping latest version c6e9af66-6e1a-4f50-b776-19d30c947fb8 2022-11-01T17:52:04.499Z
Keeping latest version 74c86109-06a9-456a-9d40-30f4952d47b7 2022-11-02T16:18:08.997Z
Keeping latest version b7cc44fd-1bdd-4441-952e-db7473b5e983 2022-11-02T18:39:02.175Z
Keeping latest version 5ada09a1-3227-4d4b-85f8-442ce591160f 2022-09-08T19:26:29.829Z
Keeping latest version acb56519-64a4-4ae1-9633-f780fc4a915b 2022-11-02T00:22:00.005Z
Keeping latest version 75aeb31f-e577-4ee2-bcea-4c76d51f5240 2022-11-02T19:09:42.464Z
Keeping latest version 4bff26a8-c1c6-4de0-b764-1ba0ec894fc5 2022-11-02T06:23:27.852Z
Keeping latest version b5cc6c4d-4b90-4703-880f-265e97300aad 2022-11-02T14:50:05.304Z
Keeping latest version 030c097e-da25-4c12-9b3b-99a40b2ce31a 2022-11-02T18:32:45.287Z
Keeping latest version ca1d5e63-94f2-4fcf-bf65-283d6534192c 2022-11-02T16:23:58.282Z
Keeping latest version f4d65479-02ca-4bfb-9c94-ed69cbce8e2e 2022-11-03T03:44:19.572Z
Keeping latest version 5fb09478-f5ef-4437-b3eb-56922724ea98 2022-11-02T14:04:45.363Z
Keeping latest version f8bc32a9-62f7-4510-b6fb-596c982e5733 2022-09-08T19:31:49.090Z
Keeping latest version 2d609273-3750-4f6a-8a33-1ed12e4e10b4 2022-11-03T00:56:22.234Z
Keeping latest version f380ff3d-b6b3-4fff-827b-f3dcba22b0da 2022-11-01T16:42:43.704Z
Keeping latest version c6e1cc8f-19a4-41a6-8109-0449d2761d07 2022-11-02T16:48:01.234Z
Keeping latest version 874981d3-493e-4cea-9d40-bf8259a8d432 2022-11-02T23:23:38.172Z
Keeping latest version 9092104b-f5cd-4d2f-bad7-a8aa50a85bf7 2022-11-02T23:23:57.683Z
Keeping latest version 3fadaf44-7717-46fe-a2dd-09ad61c19491 2023-01-24T12:05:42.014Z
Keeping latest version 987e9360-d019-44b4-8389-0b1341c0ba39 2023-01-02T12:03:31.837Z
Keeping latest version 49a57269-2df0-489e-8fb2-b3f96e15e862 2022-11-02T05:52:39.294Z
Keeping latest version 1e35a915-bdb8-41d3-be9f-675ca9449699 2022-11-02T16:11:07.977Z
Keeping latest version ae49f781-7a01-4497-8bfe-9d013892008e 2022-11-03T00:53:46.882Z
Keeping latest version 2ad889d6-1f47-4314-b8d7-e69b17282021 2022-11-02T03:08:22.317Z
Keeping latest version d549c9e5-490e-44b9-8b93-d54df8ca5abc 2022-11-02T07:23:20.682Z
Keeping latest version 6c8ca0f3-0a7e-4234-b565-ef928f70a1aa 2022-11-02T12:41:58.583Z
Keeping latest version b92023fa-04ba-4217-b989-c0d15947346f 2022-11-03T06:57:36.629Z
Keeping latest version 5dff2448-e4cf-479a-9f8b-261bbdc93f22 2022-11-02T09:43:11.671Z
Keeping latest version e76c4ce3-6eb2-4c85-a4b0-37fa11bbf3ba 2022-11-02T21:41:45.905Z
Keeping latest version 8e020cd6-3a17-42f4-a9f5-69e021e299e8 2023-01-20T14:15:33.786Z
Keeping latest version 2d9c201d-f706-4eb5-94f2-6ad9202e032d 2022-11-02T20:58:03.248Z
Keeping latest version 060cdd6c-c8fe-4c80-80bf-a87b60c714b3 2022-11-01T14:13:39.229Z
Keeping latest version e8ddfd9d-5ffd-4157-a3bf-f87554af4cf1 2022-11-03T05:26:21.669Z
Keeping latest version 46386945-5f5d-4b6b-9f8a-b7c628a70926 2022-11-01T14:06:42.666Z
Keeping latest version 06ca056a-1c82-4e36-8d2a-7a075fbebd87 2022-11-02T07:19:49.833Z
Keeping latest version 1bcbaa2e-f38c-416e-9cc6-92e3c860d6e0 2022-11-02T10:08:22.120Z
Keeping latest version 0d39edbb-1fbe-41e1-acaa-805b0eea1af7 2022-11-03T00:13:01.256Z
Keeping latest version 7711eda9-0692-4380-ab7c-feb8521455d4 2022-11-02T10:07:14.268Z
Keeping latest version 4f61e2c2-f116-4255-8326-9bd8c0a6b7cd 2022-09-08T18:06:13.818Z
Keeping latest version 8a29c53a-2a0d-4095-854b-bc557e3b2668 2022-11-02T00:44:46.123Z
Keeping latest version fd87d73d-caca-4868-b794-31e76f022c58 2022-11-02T23:43:49.163Z
Keeping latest version 1a31ad23-4fa0-4f13-8233-21da389d189f 2022-11-02T18:11:15.881Z
Keeping latest version 904918f4-cdcc-4166-a485-a957f7426564 2022-11-02T20:25:54.079Z
Keeping latest version 2d37b321-669c-4250-a6b3-a64d3b09478d 2022-11-02T07:42:16.515Z
Keeping latest version 261f8b79-a91b-4b6f-947c-0ebb3b6e479e 2022-11-01T22:28:07.412Z
Keeping latest version 5fa438b6-365b-4536-9735-0c65f2bb63bf 2022-11-02T06:52:56.661Z
Keeping latest version 07ce9488-26e5-4927-a21e-564e846bddbc 2022-11-02T20:32:29.460Z
Keeping latest version f9653443-5902-458c-bacc-3421fc479560 2022-11-02T06:11:19.850Z
Keeping latest version 34816fb9-2aba-49ff-85b7-e20692c2cef0 2022-11-02T02:31:59.262Z
Keeping latest version 1d7f9e39-0d12-45b5-b9e9-1bc48ddfcdca 2022-11-02T11:39:55.136Z
Keeping latest version 82b78cbd-6ab8-431f-b19c-52a73ce21516 2022-11-02T10:46:10.844Z
Keeping latest version 9c05ac88-ba53-4bdf-b5be-1d622127b8b7 2022-11-01T20:55:16.310Z
Keeping latest version 8174f146-44f3-4a89-8107-873b8c2d4085 2022-11-03T05:10:07.974Z
Keeping latest version 625f7dbc-fd95-42c7-a665-7599ecbc086d 2022-11-02T08:44:54.214Z
Keeping latest version fd19a4b0-9577-4702-be0e-8e6e22920968 2022-11-03T03:54:50.955Z
Keeping latest version 5aec27b6-a6db-41f6-a336-aad2825e01e6 2023-01-31T12:01:52.139Z
Keeping latest version bdb2a4e3-d664-4e60-9094-f657e7f43078 2022-11-03T05:24:34.153Z
Keeping latest version 1d711c1f-b0ff-4133-9003-e3cefeb6eeb8 2022-08-03T19:36:16.842Z
Keeping latest version 94547f8d-e20d-48bc-80ed-ed01d63914ce 2022-11-02T07:27:35.150Z
Keeping latest version c2495486-b7c6-46cc-9a1c-122662e3d224 2022-11-03T00:31:40.711Z
Keeping latest version 8c80814e-6778-4ee6-9401-49f3d7efaa5e 2022-11-01T23:22:57.566Z
Keeping latest version 2f2dda07-7407-4e04-9518-fc33cf361e97 2023-02-07T12:02:06.662Z
Keeping latest version 0a326416-5d15-414e-8db8-eb9182e57f98 2022-11-02T19:06:24.118Z
Keeping latest version 94a396d6-4a1a-4219-8160-5e152cbe4598 2022-11-02T08:10:24.955Z
Keeping latest version b41eb316-432a-412f-aaad-940e747211ad 2022-11-02T23:51:42.084Z
Keeping latest version a5aa0a8c-770f-4436-93b1-0ea135ca52f0 2023-01-18T12:05:48.973Z
Keeping latest version 4d3abda2-ad5e-4622-ac25-5d6a7717a7d5 2022-11-02T21:39:30.698Z
Keeping latest version b76f07cb-2fe8-4ef9-84c8-39e1b2dc48c6 2022-11-03T07:21:16.194Z
Keeping latest version 23e28562-7d31-41ec-8f07-a16aab13908c 2022-11-02T09:54:04.618Z
Keeping latest version c237fb5c-9c50-4244-958a-6499173b5df4 2022-11-02T11:02:19.876Z
Keeping latest version b88690dd-93de-4059-88c7-df13c4c539cc 2022-11-02T22:08:34.055Z
Keeping latest version bd923322-8cfe-46bc-961b-ba50aa9988cd 2022-11-02T12:22:59.553Z
Keeping latest version a80f6000-dd7b-49fb-935c-1e4aa53c6434 2022-11-02T17:20:37.024Z
Keeping latest version 63663d22-bf2e-4e05-a84a-ee00d3882b0f 2022-11-05T01:15:38.907Z
Keeping latest version 3777a2ab-a5e8-4d8c-878a-7be49e3b6cb3 2022-11-02T19:04:53.314Z
Keeping latest version a6c250db-4113-42f0-87ce-f3a4b6a7c85b 2022-11-02T12:59:41.084Z
Keeping latest version 3b80df85-fd29-4fb2-a9eb-aade781aadde 2022-11-01T17:48:31.703Z
Keeping latest version 828de7b3-50e7-4a87-b3a7-aa48e5bd237f 2022-11-02T20:38:22.047Z
Keeping latest version 09749ce4-f867-47ae-b230-8d29ba86c75a 2023-01-07T12:05:26.397Z
Keeping latest version 41f1c807-f0a5-49b8-8f5d-4dea0ab54fa0 2022-11-03T02:29:33.654Z
Keeping latest version 03cb9806-8bcb-4922-836d-7ff04f7d3508 2022-11-02T12:39:48.206Z
Keeping latest version afc728df-712f-47b8-af85-d2ac43da6a02 2022-11-02T09:37:50.356Z
Keeping latest version 60ec36e3-a56b-4b89-9198-bb144122a41b 2023-01-24T10:54:01.721Z
Keeping latest version 639fc308-0154-4804-93b1-f3f6252e7b46 2022-11-01T14:44:26.107Z
Keeping latest version 40f2b8dc-b3ae-4761-b232-c69ebce0dc63 2022-11-02T20:55:17.022Z
Keeping latest version 1b4f4d7e-806f-4cad-aabb-db118995213e 2022-11-02T23:06:59.170Z
Keeping latest version 35c814b6-0fad-42e4-9b54-45dc0c1f698e 2022-11-03T00:58:25.451Z
Keeping latest version bc728f82-7a07-439e-a9d7-ca3f9ac4278f 2022-11-01T22:44:19.094Z
Keeping latest version d4e59805-dd00-4d3e-8915-f5b60aaf84b6 2022-11-02T13:11:35.729Z
Keeping latest version 84660354-acf4-4875-8eb5-0cdb50917f0a 2022-11-02T10:17:19.899Z
Keeping latest version 96545172-5d55-458e-99be-3ae685e1afe6 2022-11-02T15:46:05.813Z
Keeping latest version ba1d229b-0ca6-4005-8978-ca6c616f8d28 2022-11-02T23:36:33.836Z
Keeping latest version 9188e383-328d-48aa-bb86-42dd43245477 2022-11-02T07:12:09.405Z
Keeping latest version 8ff52ff2-0868-4755-9b1a-6eea93cd4934 2022-11-02T22:42:54.955Z
Keeping latest version b83476b3-8d3a-45f5-a4b3-ce7088cc024b 2022-11-02T19:33:14.346Z
Keeping latest version 4481bc94-546c-4f78-93a8-24f0809da60e 2022-11-01T17:45:12.335Z
Keeping latest version e9cdcd4e-0142-4640-a5a8-ccde333a882e 2022-11-02T22:43:53.547Z
Keeping latest version 6d8c2714-c4ac-40a0-930c-720b450a9354 2022-11-03T03:10:34.159Z
Keeping latest version 832c21c0-cdb8-4550-9330-ea56301eeee1 2022-11-03T06:22:06.087Z
Keeping latest version d613c9ad-630d-4047-b0d5-5bbfe9b08c2c 2022-11-02T11:10:35.056Z
Keeping latest version 92936b51-0fd4-4209-b137-53ff4c983498 2022-11-03T02:29:38.460Z
Keeping latest version f2e3a5cd-e663-4643-8ccd-16fb92a18c31 2022-09-08T19:46:44.847Z
Keeping latest version 32abbb42-dc79-4ce3-acfe-8e92442cea88 2022-11-02T08:13:29.746Z
Keeping latest version 6b7a7915-a70c-49bf-805b-86d48ddd1258 2022-11-02T13:22:10.543Z
Keeping latest version 773af3be-af1e-4d77-a795-bbedc18ad5c4 2022-11-02T23:59:07.493Z
Keeping latest version 24bfbb54-c1b6-4399-8ed3-34729cdb7143 2022-11-02T17:13:08.731Z
Keeping latest version 06caafe6-51e4-413f-9a4d-a0b8e95cb3ad 2022-11-02T16:43:48.291Z
Keeping latest version 95ec38b1-83dd-481a-bfb8-151320b6c2f4 2022-11-02T12:59:30.524Z
Keeping latest version 5bb22f9e-0ea3-475f-877b-3b6cd4e83610 2022-05-28T23:46:47.153Z
Keeping latest version 98da1527-1432-4799-8807-72ed3dc597bc 2022-11-02T21:47:17.747Z
Keeping latest version 685cb11b-21c3-4f08-8712-b95d0d9a8330 2022-11-01T23:44:07.413Z
Keeping latest version f4796739-4421-4960-b0a5-b2a7158827da 2022-11-03T04:37:37.869Z
Keeping latest version b87845e0-f95b-41c3-8f0d-684a803ec389 2022-11-03T06:46:42.568Z
Keeping latest version cdb80aa1-571d-40c7-89ad-beedfe927da3 2022-11-02T05:39:48.348Z
Keeping latest version a9763acf-80e0-4af8-b4b2-9d4688ba71f6 2022-11-02T23:51:27.012Z
Keeping latest version c64aa848-6793-44a1-90c1-7005b2303914 2022-11-02T23:13:21.833Z
Keeping latest version f81b0deb-9dca-4307-a5a4-60c4dd1a91b3 2022-12-22T12:02:29.073Z
Keeping latest version aed9355f-3449-46e8-a104-55d6f7be51df 2022-11-02T08:24:23.436Z
Keeping latest version 2a7c3125-f77e-4913-82ca-089ef6f5f5b1 2022-11-01T22:54:38.952Z
Keeping latest version 382abe5d-c15b-4f84-8942-9785bbe4cc30 2022-11-02T03:49:47.628Z
Keeping latest version 9155e583-8ea0-427e-a1bc-19ba9ece71db 2022-11-02T08:27:56.658Z
Keeping latest version 4ab3e185-4646-4be6-b88c-4c35275b0f55 2022-11-03T04:13:06.235Z
Keeping latest version 573f8217-32c8-4278-abd0-9c5533dc837a 2022-11-02T15:49:52.613Z
Keeping latest version 145af719-a1dd-4664-b009-b10ca2f2690e 2022-11-02T19:46:53.747Z
Keeping latest version 2ee9bef2-72fb-4552-b85c-404f3c803e0d 2022-11-02T16:56:14.446Z
Keeping latest version 6374cae6-518e-4de4-a7c5-8c73692c1188 2022-11-03T07:21:23.704Z
Keeping latest version f2f05e25-882e-46fe-af53-3e3aca36aabb 2022-11-02T09:23:19.811Z
Keeping latest version 4b26f6a4-7021-4dc5-9ab1-0c5f431a16af 2022-11-03T04:17:05.153Z
Keeping latest version 04905d2a-e556-462d-a725-f400e2f419f5 2022-11-01T23:43:57.007Z
Keeping latest version 839d60a5-0164-4a25-8454-df1381e67e45 2022-11-03T02:51:38.018Z
Keeping latest version a66c9c73-4258-4a6f-afb3-27b66da3018c 2022-11-02T11:18:10.875Z
Keeping latest version 8ded85af-ce55-4009-81c1-bccbc2577045 2022-11-03T05:14:16.940Z
Keeping latest version 0d01e563-ef0e-41f8-a4aa-b8448ae55195 2022-11-02T18:10:03.406Z
Keeping latest version 8ffcddca-e5e6-4917-9735-1dd672eb1ec2 2022-11-02T18:47:56.831Z
Keeping latest version 27c0c4ff-f044-4a7b-95a9-bef486cc6543 2022-11-02T12:19:44.119Z
Keeping latest version fbd7d26f-0dc7-4c66-b369-b8053e7542f2 2022-11-02T09:18:10.406Z
Keeping latest version 49a5ec74-5761-4dde-8719-4c53d566d4bd 2022-11-02T08:48:44.670Z
Keeping latest version 0e8c3580-b868-4167-86b6-d2d683fe43d7 2022-11-02T23:43:26.050Z
Keeping latest version 3d3c80c7-e637-4616-a856-f64797deebe7 2022-11-03T07:07:48.983Z
Keeping latest version d26d18b6-437e-4b13-8b91-581a448b2669 2022-11-02T19:46:48.945Z
Keeping latest version 3af181f2-6531-402c-99c4-6d7387aaf77b 2022-11-02T19:12:11.029Z
Keeping latest version 950b9410-9e9d-41a6-a27c-b4f6808dd5d5 2022-11-02T05:09:44.913Z
Keeping latest version dbe007d3-27ac-4bbb-a9da-59c483502f3d 2022-11-01T14:08:13.160Z
Keeping latest version 0c8ebb10-8887-4288-a003-4793fd3f35a0 2022-11-02T13:39:44.698Z
Keeping latest version d2747e32-fc32-4219-95ae-ce7f26c3b835 2022-11-02T13:37:38.413Z
Keeping latest version 64a32fb8-9df7-4d10-a445-96886997a2ae 2022-11-03T01:40:26.876Z
Keeping latest version b90ba092-f8c7-4f67-9184-2f8ad642e78c 2022-11-01T22:43:36.645Z
Keeping latest version ff56e930-9f8d-41f4-8bce-a9cc73d8a197 2022-11-02T04:58:35.413Z
Keeping latest version 20623415-bdd2-49ed-a431-d01b6f02780d 2022-11-02T00:26:31.062Z
